<?xml version="1.0" encoding="utf-8"?><testsuites><testsuite name="pytest" errors="0" failures="0" skipped="0" tests="2" time="3.523" timestamp="2025-09-20T17:18:40.239034-03:00" hostname="DemetriosPCS"><testcase classname="tests.test_darwin_core_e2e" name="test_perf_puct_budget_150_under_10s" time="0.005" /><testcase classname="tests.test_darwin_core_e2e" name="test_perf_memory_store_200_under_5s" time="3.473" /></testsuite></testsuites>