<?xml version="1.0" encoding="utf-8"?><testsuites><testsuite name="pytest" errors="0" failures="0" skipped="6" tests="14" time="4.273" timestamp="2025-09-20T18:05:03.777069-03:00" hostname="DemetriosPCS"><testcase classname="tests.test_darwin_core_e2e" name="test_ragplus_engine_fallback_embedding_and_answer" time="3.415" /><testcase classname="tests.test_darwin_core_e2e" name="test_iterative_search_converges_and_returns_steps" time="0.001" /><testcase classname="tests.test_darwin_core_e2e" name="test_conversation_memory_store_retrieve_and_security" time="0.074" /><testcase classname="tests.test_darwin_core_e2e" name="test_puct_search_basic_stats" time="0.003" /><testcase classname="tests.test_darwin_core_e2e" name="test_scientific_discovery_flow" time="0.276" /><testcase classname="tests.test_darwin_core_e2e" name="test_integrated_memory_system_end_to_end" time="0.374" /><testcase classname="tests.test_darwin_core_e2e" name="test_live_rag_plus_health" time="0.000"><skipped type="pytest.skip" message="DARWIN_E2E_BASE_URL not set">/home/agourakis82/workspace/kec-biomaterials-scaffolds/tests/test_darwin_core_e2e.py:257: DARWIN_E2E_BASE_URL not set</skipped></testcase><testcase classname="tests.test_darwin_core_e2e" name="test_live_rag_plus_query" time="0.000"><skipped type="pytest.skip" message="DARWIN_E2E_BASE_URL not set">/home/agourakis82/workspace/kec-biomaterials-scaffolds/tests/test_darwin_core_e2e.py:263: DARWIN_E2E_BASE_URL not set</skipped></testcase><testcase classname="tests.test_darwin_core_e2e" name="test_live_memory_search" time="0.000"><skipped type="pytest.skip" message="DARWIN_E2E_BASE_URL not set">/home/agourakis82/workspace/kec-biomaterials-scaffolds/tests/test_darwin_core_e2e.py:269: DARWIN_E2E_BASE_URL not set</skipped></testcase><testcase classname="tests.test_darwin_core_e2e" name="test_live_tree_search_quick" time="0.000"><skipped type="pytest.skip" message="DARWIN_E2E_BASE_URL not set">/home/agourakis82/workspace/kec-biomaterials-scaffolds/tests/test_darwin_core_e2e.py:275: DARWIN_E2E_BASE_URL not set</skipped></testcase><testcase classname="tests.test_darwin_core_e2e" name="test_perf_puct_budget_150_under_10s" time="0.000"><skipped type="pytest.skip" message="Set DARWIN_E2E_PERF=1 to enable perf tests">/home/agourakis82/workspace/kec-biomaterials-scaffolds/tests/test_darwin_core_e2e.py:288: Set DARWIN_E2E_PERF=1 to enable perf tests</skipped></testcase><testcase classname="tests.test_darwin_core_e2e" name="test_perf_memory_store_200_under_5s" time="0.000"><skipped type="pytest.skip" message="Set DARWIN_E2E_PERF=1 to enable perf tests">/home/agourakis82/workspace/kec-biomaterials-scaffolds/tests/test_darwin_core_e2e.py:299: Set DARWIN_E2E_PERF=1 to enable perf tests</skipped></testcase><testcase classname="tests.test_darwin_core_e2e" name="test_security_long_inputs_handled" time="0.075" /><testcase classname="tests.test_darwin_core_e2e" name="test_security_puct_time_limit" time="0.027" /></testsuite></testsuites>